<?xml version="1.0" encoding="UTF-8"?>
<!-- Generated by org.testng.reporters.JUnitXMLReporter -->
<testsuite ignored="5" hostname="this-Mac-mini.local" failures="0" tests="1" name="GRP-smoke" time="0.016" errors="0" timestamp="2023-05-08T18:26:28 ICT">
  <testcase classname="ui.GroupDemoTest" name="connectToDb" time="0.003"/>
  <testcase classname="ui.GroupDemoTest" name="test2" time="0.0">
    <ignored/>
  </testcase> <!-- test2 -->
  <testcase classname="ui.GroupDemoTest" name="disconnectToDb" time="0.0">
    <ignored/>
  </testcase> <!-- disconnectToDb -->
  <testcase classname="ui.GroupDemoTest" name="logout" time="0.0">
    <ignored/>
  </testcase> <!-- logout -->
  <testcase classname="ui.GroupDemoTest" name="login" time="0.0">
    <ignored/>
  </testcase> <!-- login -->
  <testcase classname="ui.GroupDemoTest" name="test1" time="0.0">
    <ignored/>
  </testcase> <!-- test1 -->
</testsuite> <!-- GRP-smoke -->
