<?xml version="1.0" encoding="UTF-8"?>
<!-- Generated by org.testng.reporters.JUnitXMLReporter -->
<testsuite ignored="0" hostname="this-Mac-mini.local" failures="0" tests="6" name="GRP-user-registration" time="0.029" errors="0" timestamp="2023-05-08T18:29:14 ICT">
  <testcase classname="ui.GroupDemoTest" name="connectToDb" time="0.003"/>
  <testcase classname="ui.GroupDemoTest" name="disconnectToDb" time="0.0"/>
  <testcase classname="ui.GroupDemoTest" name="logout" time="0.001"/>
  <testcase classname="ui.GroupDemoTest" name="login" time="0.001"/>
  <testcase classname="ui.GroupDemoTest" name="test1" time="0.0"/>
  <testcase classname="ui.GroupDemoTest" name="test2" time="0.001"/>
</testsuite> <!-- GRP-user-registration -->
