<?xml version="1.0" encoding="UTF-8"?>
<!-- Generated by org.testng.reporters.JUnitXMLReporter -->
<testsuite ignored="0" hostname="this-Mac-mini.local" failures="0" tests="9" name="Test" time="4.591" errors="0" timestamp="2023-05-12T10:59:03 ICT">
  <testcase classname="ui.VerifyTtitle" name="name" time="4.559"/>
  <testcase classname="ui.LoginTest" name="test1" time="0.0"/>
  <testcase classname="ui.LoginTest" name="test2" time="0.001"/>
  <testcase classname="ui.GroupDemoTest" name="connectToDb" time="0.002"/>
  <testcase classname="ui.GroupDemoTest" name="disconnectToDb" time="0.0"/>
  <testcase classname="ui.GroupDemoTest" name="logout" time="0.0"/>
  <testcase classname="ui.GroupDemoTest" name="login" time="0.001"/>
  <testcase classname="ui.GroupDemoTest" name="test1" time="0.001"/>
  <testcase classname="ui.GroupDemoTest" name="test2" time="0.0"/>
</testsuite> <!-- Test -->
